[2023-06-30 14:49:56,748 - stsc - INFO ] >> Using device cuda
[2023-06-30 14:49:56,749 - stsc - INFO ] >> fitting sc data | count file : /home/sami.saarenpaa/liver_franzi/sc/own_ref_subset_cnts.tsv | labels file : /home/sami.saarenpaa/liver_franzi/sc/own_ref_subset_ann.tsv
[2023-06-30 14:50:20,777 - stsc - INFO ] >> SC data GENES : 4791  SC data CELLS : 3500  SC data TYPES : 14 
[2023-06-30 17:26:21,580 - stsc - INFO ] >> fit st data section(s) : ['/home/sami.saarenpaa/liver_franzi/st/CN29_control_12h_C2.tsv', '/home/sami.saarenpaa/liver_franzi/st/CN29_control_12h_D2.tsv', '/home/sami.saarenpaa/liver_franzi/st/CN29_infected_12h_C1.tsv', '/home/sami.saarenpaa/liver_franzi/st/CN29_infected_12h_D1.tsv', '/home/sami.saarenpaa/liver_franzi/st/CN31_control_24h_C2.tsv', '/home/sami.saarenpaa/liver_franzi/st/CN31_control_24h_E2.tsv', '/home/sami.saarenpaa/liver_franzi/st/CN31_infected_24h_D1.tsv', '/home/sami.saarenpaa/liver_franzi/st/CN31_infected_24h_E1.tsv', '/home/sami.saarenpaa/liver_franzi/st/CN50_control_38h_E1.tsv', '/home/sami.saarenpaa/liver_franzi/st/CN50_control_38h_E2.tsv', '/home/sami.saarenpaa/liver_franzi/st/CN50_infected_38h_C1.tsv', '/home/sami.saarenpaa/liver_franzi/st/CN50_infected_38h_C2.tsv', '/home/sami.saarenpaa/liver_franzi/st/CN50_infected_38h_D2.tsv', '/home/sami.saarenpaa/liver_franzi/st/CN51_control_38h_C2.tsv', '/home/sami.saarenpaa/liver_franzi/st/CN51_control_38h_D2.tsv', '/home/sami.saarenpaa/liver_franzi/st/CN51_infected_38h_C1.tsv', '/home/sami.saarenpaa/liver_franzi/st/CN51_infected_38h_D1.tsv', '/home/sami.saarenpaa/liver_franzi/st/CN53_control_38h_D2.tsv', '/home/sami.saarenpaa/liver_franzi/st/CN53_infected_38h_C1.tsv', '/home/sami.saarenpaa/liver_franzi/st/CN53_infected_38h_D1.tsv', '/home/sami.saarenpaa/liver_franzi/st/CN53_infected_38h_E1.tsv', '/home/sami.saarenpaa/liver_franzi/st/CN54_control_24h_D2.tsv', '/home/sami.saarenpaa/liver_franzi/st/CN54_control_24h_E2.tsv', '/home/sami.saarenpaa/liver_franzi/st/CN54_infected_24h_C2.tsv', '/home/sami.saarenpaa/liver_franzi/st/CN54_infected_24h_E1.tsv', '/home/sami.saarenpaa/liver_franzi/st/CN55_control_24h_C2.tsv', '/home/sami.saarenpaa/liver_franzi/st/CN55_infected_24h_C1.tsv', '/home/sami.saarenpaa/liver_franzi/st/CN55_infected_24h_D1.tsv', '/home/sami.saarenpaa/liver_franzi/st/CN55_infected_24h_E1.tsv', '/home/sami.saarenpaa/liver_franzi/st/CN57_D1_stereoscope.tsv', '/home/sami.saarenpaa/liver_franzi/st/CN63_D1_stereoscope.tsv', '/home/sami.saarenpaa/liver_franzi/st/CN63_D2_stereoscope.tsv', '/home/sami.saarenpaa/liver_franzi/st/CN63_E1_stereoscope.tsv', '/home/sami.saarenpaa/liver_franzi/st/CN63_E2_stereoscope.tsv', '/home/sami.saarenpaa/liver_franzi/st/CN70_C1_stereoscope.tsv', '/home/sami.saarenpaa/liver_franzi/st/CN70_C2_stereoscope.tsv', '/home/sami.saarenpaa/liver_franzi/st/CN70_D2_stereoscope.tsv', '/home/sami.saarenpaa/liver_franzi/st/CN71_C2_stereoscope.tsv', '/home/sami.saarenpaa/liver_franzi/st/CN71_D1_stereoscope.tsv']
[2023-06-30 17:29:05,172 - stsc - INFO ] >> ST data GENES : 21241  ST data SPOTS : 26199 
[2023-07-01 02:19:58,944 - stsc - INFO ] >> saving proportions for section CN29_control_12h_C2 to /data/sami-temp/liver_st_subsample_230630/CN29_control_12h_C2/W.2023-06-30144956.609391.tsv
[2023-07-01 02:19:58,954 - stsc - INFO ] >> saving proportions for section CN29_control_12h_D2 to /data/sami-temp/liver_st_subsample_230630/CN29_control_12h_D2/W.2023-06-30144956.609391.tsv
[2023-07-01 02:19:58,963 - stsc - INFO ] >> saving proportions for section CN29_infected_12h_C1 to /data/sami-temp/liver_st_subsample_230630/CN29_infected_12h_C1/W.2023-06-30144956.609391.tsv
[2023-07-01 02:19:58,975 - stsc - INFO ] >> saving proportions for section CN29_infected_12h_D1 to /data/sami-temp/liver_st_subsample_230630/CN29_infected_12h_D1/W.2023-06-30144956.609391.tsv
[2023-07-01 02:19:58,990 - stsc - INFO ] >> saving proportions for section CN31_control_24h_C2 to /data/sami-temp/liver_st_subsample_230630/CN31_control_24h_C2/W.2023-06-30144956.609391.tsv
[2023-07-01 02:19:59,002 - stsc - INFO ] >> saving proportions for section CN31_control_24h_E2 to /data/sami-temp/liver_st_subsample_230630/CN31_control_24h_E2/W.2023-06-30144956.609391.tsv
[2023-07-01 02:19:59,015 - stsc - INFO ] >> saving proportions for section CN31_infected_24h_D1 to /data/sami-temp/liver_st_subsample_230630/CN31_infected_24h_D1/W.2023-06-30144956.609391.tsv
[2023-07-01 02:19:59,022 - stsc - INFO ] >> saving proportions for section CN31_infected_24h_E1 to /data/sami-temp/liver_st_subsample_230630/CN31_infected_24h_E1/W.2023-06-30144956.609391.tsv
[2023-07-01 02:19:59,030 - stsc - INFO ] >> saving proportions for section CN50_control_38h_E1 to /data/sami-temp/liver_st_subsample_230630/CN50_control_38h_E1/W.2023-06-30144956.609391.tsv
[2023-07-01 02:19:59,041 - stsc - INFO ] >> saving proportions for section CN50_control_38h_E2 to /data/sami-temp/liver_st_subsample_230630/CN50_control_38h_E2/W.2023-06-30144956.609391.tsv
[2023-07-01 02:19:59,051 - stsc - INFO ] >> saving proportions for section CN50_infected_38h_C1 to /data/sami-temp/liver_st_subsample_230630/CN50_infected_38h_C1/W.2023-06-30144956.609391.tsv
[2023-07-01 02:19:59,061 - stsc - INFO ] >> saving proportions for section CN50_infected_38h_C2 to /data/sami-temp/liver_st_subsample_230630/CN50_infected_38h_C2/W.2023-06-30144956.609391.tsv
[2023-07-01 02:19:59,071 - stsc - INFO ] >> saving proportions for section CN50_infected_38h_D2 to /data/sami-temp/liver_st_subsample_230630/CN50_infected_38h_D2/W.2023-06-30144956.609391.tsv
[2023-07-01 02:19:59,080 - stsc - INFO ] >> saving proportions for section CN51_control_38h_C2 to /data/sami-temp/liver_st_subsample_230630/CN51_control_38h_C2/W.2023-06-30144956.609391.tsv
[2023-07-01 02:19:59,087 - stsc - INFO ] >> saving proportions for section CN51_control_38h_D2 to /data/sami-temp/liver_st_subsample_230630/CN51_control_38h_D2/W.2023-06-30144956.609391.tsv
[2023-07-01 02:19:59,094 - stsc - INFO ] >> saving proportions for section CN51_infected_38h_C1 to /data/sami-temp/liver_st_subsample_230630/CN51_infected_38h_C1/W.2023-06-30144956.609391.tsv
[2023-07-01 02:19:59,102 - stsc - INFO ] >> saving proportions for section CN51_infected_38h_D1 to /data/sami-temp/liver_st_subsample_230630/CN51_infected_38h_D1/W.2023-06-30144956.609391.tsv
[2023-07-01 02:19:59,110 - stsc - INFO ] >> saving proportions for section CN53_control_38h_D2 to /data/sami-temp/liver_st_subsample_230630/CN53_control_38h_D2/W.2023-06-30144956.609391.tsv
[2023-07-01 02:19:59,121 - stsc - INFO ] >> saving proportions for section CN53_infected_38h_C1 to /data/sami-temp/liver_st_subsample_230630/CN53_infected_38h_C1/W.2023-06-30144956.609391.tsv
[2023-07-01 02:19:59,131 - stsc - INFO ] >> saving proportions for section CN53_infected_38h_D1 to /data/sami-temp/liver_st_subsample_230630/CN53_infected_38h_D1/W.2023-06-30144956.609391.tsv
[2023-07-01 02:19:59,141 - stsc - INFO ] >> saving proportions for section CN53_infected_38h_E1 to /data/sami-temp/liver_st_subsample_230630/CN53_infected_38h_E1/W.2023-06-30144956.609391.tsv
[2023-07-01 02:19:59,150 - stsc - INFO ] >> saving proportions for section CN54_control_24h_D2 to /data/sami-temp/liver_st_subsample_230630/CN54_control_24h_D2/W.2023-06-30144956.609391.tsv
[2023-07-01 02:19:59,163 - stsc - INFO ] >> saving proportions for section CN54_control_24h_E2 to /data/sami-temp/liver_st_subsample_230630/CN54_control_24h_E2/W.2023-06-30144956.609391.tsv
[2023-07-01 02:19:59,175 - stsc - INFO ] >> saving proportions for section CN54_infected_24h_C2 to /data/sami-temp/liver_st_subsample_230630/CN54_infected_24h_C2/W.2023-06-30144956.609391.tsv
[2023-07-01 02:19:59,187 - stsc - INFO ] >> saving proportions for section CN54_infected_24h_E1 to /data/sami-temp/liver_st_subsample_230630/CN54_infected_24h_E1/W.2023-06-30144956.609391.tsv
[2023-07-01 02:19:59,198 - stsc - INFO ] >> saving proportions for section CN55_control_24h_C2 to /data/sami-temp/liver_st_subsample_230630/CN55_control_24h_C2/W.2023-06-30144956.609391.tsv
[2023-07-01 02:19:59,209 - stsc - INFO ] >> saving proportions for section CN55_infected_24h_C1 to /data/sami-temp/liver_st_subsample_230630/CN55_infected_24h_C1/W.2023-06-30144956.609391.tsv
[2023-07-01 02:19:59,219 - stsc - INFO ] >> saving proportions for section CN55_infected_24h_D1 to /data/sami-temp/liver_st_subsample_230630/CN55_infected_24h_D1/W.2023-06-30144956.609391.tsv
[2023-07-01 02:19:59,230 - stsc - INFO ] >> saving proportions for section CN55_infected_24h_E1 to /data/sami-temp/liver_st_subsample_230630/CN55_infected_24h_E1/W.2023-06-30144956.609391.tsv
[2023-07-01 02:19:59,240 - stsc - INFO ] >> saving proportions for section CN57_D1_stereoscope to /data/sami-temp/liver_st_subsample_230630/CN57_D1_stereoscope/W.2023-06-30144956.609391.tsv
[2023-07-01 02:19:59,249 - stsc - INFO ] >> saving proportions for section CN63_D1_stereoscope to /data/sami-temp/liver_st_subsample_230630/CN63_D1_stereoscope/W.2023-06-30144956.609391.tsv
[2023-07-01 02:19:59,259 - stsc - INFO ] >> saving proportions for section CN63_D2_stereoscope to /data/sami-temp/liver_st_subsample_230630/CN63_D2_stereoscope/W.2023-06-30144956.609391.tsv
[2023-07-01 02:19:59,273 - stsc - INFO ] >> saving proportions for section CN63_E1_stereoscope to /data/sami-temp/liver_st_subsample_230630/CN63_E1_stereoscope/W.2023-06-30144956.609391.tsv
[2023-07-01 02:19:59,285 - stsc - INFO ] >> saving proportions for section CN63_E2_stereoscope to /data/sami-temp/liver_st_subsample_230630/CN63_E2_stereoscope/W.2023-06-30144956.609391.tsv
[2023-07-01 02:19:59,298 - stsc - INFO ] >> saving proportions for section CN70_C1_stereoscope to /data/sami-temp/liver_st_subsample_230630/CN70_C1_stereoscope/W.2023-06-30144956.609391.tsv
[2023-07-01 02:19:59,307 - stsc - INFO ] >> saving proportions for section CN70_C2_stereoscope to /data/sami-temp/liver_st_subsample_230630/CN70_C2_stereoscope/W.2023-06-30144956.609391.tsv
[2023-07-01 02:19:59,316 - stsc - INFO ] >> saving proportions for section CN70_D2_stereoscope to /data/sami-temp/liver_st_subsample_230630/CN70_D2_stereoscope/W.2023-06-30144956.609391.tsv
[2023-07-01 02:19:59,322 - stsc - INFO ] >> saving proportions for section CN71_C2_stereoscope to /data/sami-temp/liver_st_subsample_230630/CN71_C2_stereoscope/W.2023-06-30144956.609391.tsv
[2023-07-01 02:19:59,334 - stsc - INFO ] >> saving proportions for section CN71_D1_stereoscope to /data/sami-temp/liver_st_subsample_230630/CN71_D1_stereoscope/W.2023-06-30144956.609391.tsv
